Starting 2D TFIM dataset generation experiments...
Start time: Fri Oct 17 08:59:29 AM UTC 2025
======================================================
Part 1: Running with -n 100 for different shot numbers...
Running: Nx=5, Ny=5, samples=100, shots=64
  Activating project at `~/code/python/DeepModelFusion/ml4quantum/dataset_generation`
Writing dataset to CSV file... Info: (5, 5), samples 100, shots: 64. ...Success!
Completed: Nx=5, Ny=5, samples=100, shots=64 at Fri Oct 17 09:01:52 AM UTC 2025
------------------------------------------------------
Running: Nx=5, Ny=5, samples=100, shots=128
  Activating project at `~/code/python/DeepModelFusion/ml4quantum/dataset_generation`
Writing dataset to CSV file... Info: (5, 5), samples 100, shots: 128. ...Success!
Completed: Nx=5, Ny=5, samples=100, shots=128 at Fri Oct 17 09:04:38 AM UTC 2025
------------------------------------------------------
Running: Nx=5, Ny=5, samples=100, shots=256
  Activating project at `~/code/python/DeepModelFusion/ml4quantum/dataset_generation`
Writing dataset to CSV file... Info: (5, 5), samples 100, shots: 256. ...Success!
Completed: Nx=5, Ny=5, samples=100, shots=256 at Fri Oct 17 09:08:34 AM UTC 2025
------------------------------------------------------
Running: Nx=5, Ny=5, samples=100, shots=512
  Activating project at `~/code/python/DeepModelFusion/ml4quantum/dataset_generation`
Writing dataset to CSV file... Info: (5, 5), samples 100, shots: 512. ...Success!
Completed: Nx=5, Ny=5, samples=100, shots=512 at Fri Oct 17 09:15:46 AM UTC 2025
------------------------------------------------------
Running: Nx=8, Ny=8, samples=100, shots=64
  Activating project at `~/code/python/DeepModelFusion/ml4quantum/dataset_generation`
Writing dataset to CSV file... Info: (8, 8), samples 100, shots: 64. ...Success!
Completed: Nx=8, Ny=8, samples=100, shots=64 at Fri Oct 17 09:19:42 AM UTC 2025
------------------------------------------------------
Running: Nx=8, Ny=8, samples=100, shots=128
  Activating project at `~/code/python/DeepModelFusion/ml4quantum/dataset_generation`
Writing dataset to CSV file... Info: (8, 8), samples 100, shots: 128. ...Success!
Completed: Nx=8, Ny=8, samples=100, shots=128 at Fri Oct 17 09:24:33 AM UTC 2025
------------------------------------------------------
Running: Nx=8, Ny=8, samples=100, shots=256
  Activating project at `~/code/python/DeepModelFusion/ml4quantum/dataset_generation`
Writing dataset to CSV file... Info: (8, 8), samples 100, shots: 256. ...Success!
Completed: Nx=8, Ny=8, samples=100, shots=256 at Fri Oct 17 09:31:31 AM UTC 2025
------------------------------------------------------
Running: Nx=8, Ny=8, samples=100, shots=512
  Activating project at `~/code/python/DeepModelFusion/ml4quantum/dataset_generation`
Writing dataset to CSV file... Info: (8, 8), samples 100, shots: 512. ...Success!
Completed: Nx=8, Ny=8, samples=100, shots=512 at Fri Oct 17 09:42:25 AM UTC 2025
------------------------------------------------------
Part 2: Running with -s 512 for different sample numbers...
Running: Nx=5, Ny=5, samples=20, shots=512
  Activating project at `~/code/python/DeepModelFusion/ml4quantum/dataset_generation`
Writing dataset to CSV file... Info: (5, 5), samples 20, shots: 512. ...Success!
Completed: Nx=5, Ny=5, samples=20, shots=512 at Fri Oct 17 09:43:57 AM UTC 2025
------------------------------------------------------
Running: Nx=5, Ny=5, samples=40, shots=512
  Activating project at `~/code/python/DeepModelFusion/ml4quantum/dataset_generation`
Writing dataset to CSV file... Info: (5, 5), samples 40, shots: 512. ...Success!
Completed: Nx=5, Ny=5, samples=40, shots=512 at Fri Oct 17 09:46:03 AM UTC 2025
------------------------------------------------------
Running: Nx=5, Ny=5, samples=60, shots=512
  Activating project at `~/code/python/DeepModelFusion/ml4quantum/dataset_generation`
Writing dataset to CSV file... Info: (5, 5), samples 60, shots: 512. ...Success!
Completed: Nx=5, Ny=5, samples=60, shots=512 at Fri Oct 17 09:48:45 AM UTC 2025
------------------------------------------------------
Running: Nx=5, Ny=5, samples=80, shots=512
  Activating project at `~/code/python/DeepModelFusion/ml4quantum/dataset_generation`
Writing dataset to CSV file... Info: (5, 5), samples 80, shots: 512. ...Success!
Completed: Nx=5, Ny=5, samples=80, shots=512 at Fri Oct 17 09:52:05 AM UTC 2025
------------------------------------------------------
Running: Nx=5, Ny=5, samples=100, shots=512
  Activating project at `~/code/python/DeepModelFusion/ml4quantum/dataset_generation`
Writing dataset to CSV file... Info: (5, 5), samples 100, shots: 512. ...Success!
Completed: Nx=5, Ny=5, samples=100, shots=512 at Fri Oct 17 09:56:00 AM UTC 2025
------------------------------------------------------
Running: Nx=8, Ny=8, samples=20, shots=512
  Activating project at `~/code/python/DeepModelFusion/ml4quantum/dataset_generation`
Writing dataset to CSV file... Info: (8, 8), samples 20, shots: 512. ...Success!
Completed: Nx=8, Ny=8, samples=20, shots=512 at Fri Oct 17 09:58:54 AM UTC 2025
------------------------------------------------------
Running: Nx=8, Ny=8, samples=40, shots=512
  Activating project at `~/code/python/DeepModelFusion/ml4quantum/dataset_generation`
Writing dataset to CSV file... Info: (8, 8), samples 40, shots: 512. ...Success!
Completed: Nx=8, Ny=8, samples=40, shots=512 at Fri Oct 17 10:03:51 AM UTC 2025
------------------------------------------------------
Running: Nx=8, Ny=8, samples=60, shots=512
  Activating project at `~/code/python/DeepModelFusion/ml4quantum/dataset_generation`
Writing dataset to CSV file... Info: (8, 8), samples 60, shots: 512. ...Success!
Completed: Nx=8, Ny=8, samples=60, shots=512 at Fri Oct 17 10:10:42 AM UTC 2025
------------------------------------------------------
Running: Nx=8, Ny=8, samples=80, shots=512
  Activating project at `~/code/python/DeepModelFusion/ml4quantum/dataset_generation`
Writing dataset to CSV file... Info: (8, 8), samples 80, shots: 512. ...Success!
Completed: Nx=8, Ny=8, samples=80, shots=512 at Fri Oct 17 10:19:33 AM UTC 2025
------------------------------------------------------
Running: Nx=8, Ny=8, samples=100, shots=512
  Activating project at `~/code/python/DeepModelFusion/ml4quantum/dataset_generation`
Writing dataset to CSV file... Info: (8, 8), samples 100, shots: 512. ...Success!
Completed: Nx=8, Ny=8, samples=100, shots=512 at Fri Oct 17 10:30:31 AM UTC 2025
------------------------------------------------------
Part 3: Running with -n 200 -s 4096 for high-quality dataset...
Running: Nx=5, Ny=5, samples=200, shots=4096
  Activating project at `~/code/python/DeepModelFusion/ml4quantum/dataset_generation`
Writing dataset to CSV file... Info: (5, 5), samples 200, shots: 4096. ...Success!
Completed: Nx=5, Ny=5, samples=200, shots=4096 at Fri Oct 17 11:14:57 AM UTC 2025
------------------------------------------------------
Running: Nx=8, Ny=8, samples=200, shots=4096
  Activating project at `~/code/python/DeepModelFusion/ml4quantum/dataset_generation`
Writing dataset to CSV file... Info: (8, 8), samples 200, shots: 4096. ...Success!
Completed: Nx=8, Ny=8, samples=200, shots=4096 at Fri Oct 17 01:34:21 PM UTC 2025
------------------------------------------------------
======================================================
All experiments completed!
End time: Fri Oct 17 01:34:21 PM UTC 2025
